Arguments: 
  C:\Program Files\nodejs\node.exe C:\Users\Fabo\AppData\Roaming\npm\node_modules\yarn\bin\yarn.js lint:fix

PATH: 
  C:\Program Files\Git\mingw64\bin;C:\Program Files\Git\usr\bin;C:\Users\Fabo\bin;C:\ProgramData\DockerDesktop\version-bin;C:\Program Files\Docker\Docker\Resources\bin;C:\ProgramData\Oracle\Java\javapath;C:\Windows\System32;C:\Windows;C:\Windows\System32\wbem;C:\Windows\System32\WindowsPowerShell\v1.0;C:\Program Files (x86)\NoteBook FanControl;C:\Users\Fabo\AppData\Roaming\nvm;C:\Program Files\nodejs;C:\Program Files (x86)\Windows Kits\8.1\Windows Performance Toolkit;C:\Program Files\PuTTY;C:\Program Files\mingw-w64\x86_64-7.2.0-posix-seh-rt_v5-rev1\mingw64\bin;C:\Windows\System32\OpenSSH;C:\Users\Fabo\Documents\Entwicklung\flutter\bin;C:\Users\Fabo\AppData\Local\Android\Sdk\tools\bin;C:\Users\Fabo\AppData\Local\Android\Sdk\platform-tools;C:\Program Files\RedHat\java-1.8.0-openjdk-1.8.0.161-1\bin;C:\Program Files (x86)\GnuPG\bin;C:\Program Files\Git\cmd;C:\Python27;C:\Users\Fabo\Documents\Entwicklung\ffmpeg\bin;C:\Program Files\Intel\WiFi\bin;C:\Program Files\Common Files\Intel\WirelessCommon;C:\Program Files\nodejs;C:\Program Files\Microsoft VS Code\bin;C:\Go\bin;C:\Users\Fabo\.cargo\bin;C:\Users\Fabo\AppData\Local\Microsoft\WindowsApps;C:\Program Files\Heroku\bin;C:\Users\Fabo\Documents\Entwicklung\make;C:\Users\Fabo\Documents\Entwicklung\Glide;C:\Users\Fabo\Documents\Entwicklung\Go\bin;C:\Users\Fabo\AppData\Local\atom\bin;C:\Users\Fabo\AppData\Local\Microsoft\WindowsApps;C:\Users\Fabo\AppData\Local\Android\sdk\platform-tools;C:\WINDOWS\system32;C:\Users\Fabo\AppData\Local\Yarn\config\global;C:\Users\Fabo\AppData\Roaming\npm;C:\Program Files\Docker Toolbox;C:\Users\Fabo\go\bin

Yarn version: 
  1.5.1

Node version: 
  10.15.3

Platform: 
  win32 x64

npm manifest: 
  {
    "name": "@lunie/cosmos-js",
    "version": "0.0.1",
    "description": "Wrapper around getting and sending transactions from and to applications build on top of the Cosmos SDK",
    "main": "src/index.js",
    "scripts": {
      "test": "yarn test"
    },
    "keywords": [
      "cosmos",
      "sdk",
      "blockchain"
    ],
    "author": "Lunie International Software Systems Inc. <hello@lunie.io>",
    "license": "Apache-2.0",
    "dependencies": {
      "@lunie/cosmos-js": "^0.0.1"
    },
    "devDependencies": {}
  }

yarn manifest: 
  No manifest

Lockfile: 
  # THIS IS AN AUTOGENERATED FILE. DO NOT EDIT THIS FILE DIRECTLY.
  # yarn lockfile v1
  
  
  "@lunie/cosmos-js@^0.0.1":
    version "0.0.1"
    resolved "https://registry.yarnpkg.com/@lunie/cosmos-js/-/cosmos-js-0.0.1.tgz#ddc33bb2c1f5553adb1e85c2e7c1ab4eaebe4841"

Trace: 
  Error: Command "lint:fix" not found.
      at new MessageError (C:\Users\Fabo\AppData\Roaming\npm\node_modules\yarn\lib\cli.js:186:110)
      at C:\Users\Fabo\AppData\Roaming\npm\node_modules\yarn\lib\cli.js:87307:17
      at Generator.next (<anonymous>)
      at step (C:\Users\Fabo\AppData\Roaming\npm\node_modules\yarn\lib\cli.js:98:30)
      at C:\Users\Fabo\AppData\Roaming\npm\node_modules\yarn\lib\cli.js:116:14
      at new Promise (<anonymous>)
      at new F (C:\Users\Fabo\AppData\Roaming\npm\node_modules\yarn\lib\cli.js:23451:28)
      at C:\Users\Fabo\AppData\Roaming\npm\node_modules\yarn\lib\cli.js:95:12
      at runCommand (C:\Users\Fabo\AppData\Roaming\npm\node_modules\yarn\lib\cli.js:87312:22)
      at Object.<anonymous> (C:\Users\Fabo\AppData\Roaming\npm\node_modules\yarn\lib\cli.js:87412:14)
